#
# There is insufficient memory for the Java Runtime Environment to continue.
# Native memory allocation (malloc) failed to allocate 1046416 bytes. Error detail: Chunk::new
# Possible reasons:
#   The system is out of physical RAM or swap space
#   This process is running with CompressedOops enabled, and the Java Heap may be blocking the growth of the native heap
# Possible solutions:
#   Reduce memory load on the system
#   Increase physical memory or swap space
#   Check if swap backing store is full
#   Decrease Java heap size (-Xmx/-Xms)
#   Decrease number of Java threads
#   Decrease Java thread stack sizes (-Xss)
#   Set larger code cache with -XX:ReservedCodeCacheSize=
#   JVM is running with Unscaled Compressed Oops mode in which the Java heap is
#     placed in the first 4GB address space. The Java Heap base address is the
#     maximum limit for the native heap growth. Please use -XX:HeapBaseMinAddress
#     to set the Java Heap base and to place the Java Heap above 4GB virtual address.
# This output file may be truncated or incomplete.
#
#  Out of Memory Error (arena.cpp:168), pid=38852, tid=24468
#
# JRE version: OpenJDK Runtime Environment Temurin-21.0.10+7 (21.0.10+7) (build 21.0.10+7-LTS)
# Java VM: OpenJDK 64-Bit Server VM Temurin-21.0.10+7 (21.0.10+7-LTS, mixed mode, sharing, tiered, compressed oops, compressed class ptrs, parallel gc, windows-amd64)
# No core dump will be written. Minidumps are not enabled by default on client versions of Windows
#

---------------  S U M M A R Y ------------

Command Line: --add-modules=ALL-SYSTEM --add-opens=java.base/java.util=ALL-UNNAMED --add-opens=java.base/java.lang=ALL-UNNAMED --add-opens=java.base/sun.nio.fs=ALL-UNNAMED -Declipse.application=org.eclipse.jdt.ls.core.id1 -Dosgi.bundles.defaultStartLevel=4 -Declipse.product=org.eclipse.jdt.ls.core.product -Djava.import.generatesMetadataFilesAtProjectRoot=false -DDetectVMInstallationsJob.disabled=true -Dfile.encoding=utf8 -XX:+UseParallelGC -XX:GCTimeRatio=4 -XX:AdaptiveSizePolicyWeight=90 -Dsun.zip.disableMemoryMapping=true -Xmx2G -Xms100m -Xlog:disable -javaagent:c:\Users\Angel\.antigravity\extensions\redhat.java-1.54.0-win32-x64\lombok\lombok-1.18.39-4050.jar c:\Users\Angel\.antigravity\extensions\redhat.java-1.54.0-win32-x64\server\plugins\org.eclipse.equinox.launcher_1.7.100.v20251111-0406.jar -configuration c:\Users\Angel\AppData\Roaming\Antigravity\User\globalStorage\redhat.java\1.54.0\config_ss_win -data c:\Users\Angel\AppData\Roaming\Antigravity\User\workspaceStorage\66d0824ef6e42d6572d9a6320cda1e6a\redhat.java\ss_ws --pipe=\\.\pipe\lsp-7419b1f57748b3653f1d89c78304edcd-sock

Host: 12th Gen Intel(R) Core(TM) i5-12500H, 16 cores, 7G,  Windows 11 , 64 bit Build 26100 (10.0.26100.7705)
Time: Fri Apr 17 12:52:21 2026 Hora est嫕dar del Este (M憖ico) elapsed time: 6.370891 seconds (0d 0h 0m 6s)

---------------  T H R E A D  ---------------

Current thread (0x00000218780db7d0):  JavaThread "C2 CompilerThread1" daemon [_thread_in_native, id=24468, stack(0x0000007b47700000,0x0000007b47800000) (1024K)]


Current CompileTask:
C2:6370 3733       4       java.lang.invoke.MethodType::makeImpl (109 bytes)

Stack: [0x0000007b47700000,0x0000007b47800000]
Native frames: (J=compiled Java code, j=interpreted, Vv=VM code, C=native code)
V  [jvm.dll+0x6d7a39]
V  [jvm.dll+0x8b4b26]
V  [jvm.dll+0x8b70de]
V  [jvm.dll+0x8b77c3]
V  [jvm.dll+0x284346]
V  [jvm.dll+0xc66ed]
V  [jvm.dll+0xc6c31]
V  [jvm.dll+0x3bec01]
V  [jvm.dll+0x1e3d62]
V  [jvm.dll+0x24c6b3]
V  [jvm.dll+0x24bb40]
V  [jvm.dll+0x1cb34e]
V  [jvm.dll+0x25b85d]
V  [jvm.dll+0x259dea]
V  [jvm.dll+0x3f857e]
V  [jvm.dll+0x85f59d]
V  [jvm.dll+0x6d626d]
C  [ucrtbase.dll+0x37b0]
C  [KERNEL32.DLL+0x2e8d7]
C  [ntdll.dll+0x8c40c]


---------------  P R O C E S S  ---------------

Threads class SMR info:
_java_thread_list=0x0000021878a9d3f0, length=38, elements={
0x000002185a3a0e50, 0x000002185a44d6b0, 0x0000021870e2fb40, 0x0000021870e342e0,
0x0000021870e34d40, 0x0000021870e37e40, 0x0000021870e388a0, 0x0000021872203470,
0x0000021872223f20, 0x0000021872290460, 0x00000218723b3400, 0x0000021872437190,
0x0000021878048d40, 0x00000218780db7d0, 0x00000218787ba8c0, 0x00000218787f4f80,
0x00000218787f55f0, 0x00000218787f6070, 0x00000218787fd200, 0x00000218788d5940,
0x0000021878846b30, 0x000002187893ad20, 0x000002187893b3b0, 0x0000021878938c50,
0x0000021878939970, 0x00000218789385c0, 0x000002187893a690, 0x00000218789392e0,
0x000002187893a000, 0x000002187893ba40, 0x0000021878dff1a0, 0x0000021878dfeb10,
0x0000021878e00550, 0x0000021878e01900, 0x0000021878e00be0, 0x0000021878dfe480,
0x0000021878e01f90, 0x0000021878e02620
}

Java Threads: ( => current thread )
  0x000002185a3a0e50 JavaThread "main"                              [_thread_blocked, id=23944, stack(0x0000007b46700000,0x0000007b46800000) (1024K)]
  0x000002185a44d6b0 JavaThread "Reference Handler"          daemon [_thread_blocked, id=27820, stack(0x0000007b46b00000,0x0000007b46c00000) (1024K)]
  0x0000021870e2fb40 JavaThread "Finalizer"                  daemon [_thread_blocked, id=4148, stack(0x0000007b46c00000,0x0000007b46d00000) (1024K)]
  0x0000021870e342e0 JavaThread "Signal Dispatcher"          daemon [_thread_blocked, id=12320, stack(0x0000007b46d00000,0x0000007b46e00000) (1024K)]
  0x0000021870e34d40 JavaThread "Attach Listener"            daemon [_thread_blocked, id=39724, stack(0x0000007b46e00000,0x0000007b46f00000) (1024K)]
  0x0000021870e37e40 JavaThread "Service Thread"             daemon [_thread_blocked, id=2712, stack(0x0000007b46f00000,0x0000007b47000000) (1024K)]
  0x0000021870e388a0 JavaThread "Monitor Deflation Thread"   daemon [_thread_blocked, id=22464, stack(0x0000007b47000000,0x0000007b47100000) (1024K)]
  0x0000021872203470 JavaThread "C2 CompilerThread0"         daemon [_thread_in_native, id=8176, stack(0x0000007b47100000,0x0000007b47200000) (1024K)]
  0x0000021872223f20 JavaThread "C1 CompilerThread0"         daemon [_thread_blocked, id=19804, stack(0x0000007b47200000,0x0000007b47300000) (1024K)]
  0x0000021872290460 JavaThread "C1 CompilerThread1"         daemon [_thread_blocked, id=31100, stack(0x0000007b47300000,0x0000007b47400000) (1024K)]
  0x00000218723b3400 JavaThread "C1 CompilerThread2"         daemon [_thread_blocked, id=23680, stack(0x0000007b47400000,0x0000007b47500000) (1024K)]
  0x0000021872437190 JavaThread "Common-Cleaner"             daemon [_thread_blocked, id=29516, stack(0x0000007b47500000,0x0000007b47600000) (1024K)]
  0x0000021878048d40 JavaThread "Notification Thread"        daemon [_thread_blocked, id=33864, stack(0x0000007b47600000,0x0000007b47700000) (1024K)]
=>0x00000218780db7d0 JavaThread "C2 CompilerThread1"         daemon [_thread_in_native, id=24468, stack(0x0000007b47700000,0x0000007b47800000) (1024K)]
  0x00000218787ba8c0 JavaThread "Equinox resolver thread - Equinox Container: 16dff91c-e526-438f-88f1-e077bce52ddc" daemon [_thread_blocked, id=14236, stack(0x0000007b47e00000,0x0000007b47f00000) (1024K)]
  0x00000218787f4f80 JavaThread "Equinox resolver thread - Equinox Container: 16dff91c-e526-438f-88f1-e077bce52ddc" daemon [_thread_blocked, id=10672, stack(0x0000007b47f00000,0x0000007b48000000) (1024K)]
  0x00000218787f55f0 JavaThread "Equinox resolver thread - Equinox Container: 16dff91c-e526-438f-88f1-e077bce52ddc" daemon [_thread_blocked, id=1804, stack(0x0000007b48000000,0x0000007b48100000) (1024K)]
  0x00000218787f6070 JavaThread "Equinox resolver thread - Equinox Container: 16dff91c-e526-438f-88f1-e077bce52ddc" daemon [_thread_blocked, id=28868, stack(0x0000007b48100000,0x0000007b48200000) (1024K)]
  0x00000218787fd200 JavaThread "Equinox resolver thread - Equinox Container: 16dff91c-e526-438f-88f1-e077bce52ddc" daemon [_thread_blocked, id=14172, stack(0x0000007b48200000,0x0000007b48300000) (1024K)]
  0x00000218788d5940 JavaThread "Equinox resolver thread - Equinox Container: 16dff91c-e526-438f-88f1-e077bce52ddc" daemon [_thread_blocked, id=28812, stack(0x0000007b48300000,0x0000007b48400000) (1024K)]
  0x0000021878846b30 JavaThread "Active Thread: Equinox Container: 16dff91c-e526-438f-88f1-e077bce52ddc"        [_thread_blocked, id=37996, stack(0x0000007b48400000,0x0000007b48500000) (1024K)]
  0x000002187893ad20 JavaThread "Framework Event Dispatcher: Equinox Container: 16dff91c-e526-438f-88f1-e077bce52ddc" daemon [_thread_blocked, id=28152, stack(0x0000007b48700000,0x0000007b48800000) (1024K)]
  0x000002187893b3b0 JavaThread "Start Level: Equinox Container: 16dff91c-e526-438f-88f1-e077bce52ddc" daemon [_thread_in_native, id=17060, stack(0x0000007b48800000,0x0000007b48900000) (1024K)]
  0x0000021878938c50 JavaThread "Refresh Thread: Equinox Container: 16dff91c-e526-438f-88f1-e077bce52ddc" daemon [_thread_blocked, id=12580, stack(0x0000007b48900000,0x0000007b48a00000) (1024K)]
  0x0000021878939970 JavaThread "Equinox resolver thread - Equinox Container: 16dff91c-e526-438f-88f1-e077bce52ddc" daemon [_thread_blocked, id=6352, stack(0x0000007b48a00000,0x0000007b48b00000) (1024K)]
  0x00000218789385c0 JavaThread "Equinox resolver thread - Equinox Container: 16dff91c-e526-438f-88f1-e077bce52ddc" daemon [_thread_blocked, id=21988, stack(0x0000007b48b00000,0x0000007b48c00000) (1024K)]
  0x000002187893a690 JavaThread "Equinox resolver thread - Equinox Container: 16dff91c-e526-438f-88f1-e077bce52ddc" daemon [_thread_blocked, id=11100, stack(0x0000007b48c00000,0x0000007b48d00000) (1024K)]
  0x00000218789392e0 JavaThread "Equinox resolver thread - Equinox Container: 16dff91c-e526-438f-88f1-e077bce52ddc" daemon [_thread_blocked, id=36820, stack(0x0000007b48d00000,0x0000007b48e00000) (1024K)]
  0x000002187893a000 JavaThread "Equinox resolver thread - Equinox Container: 16dff91c-e526-438f-88f1-e077bce52ddc" daemon [_thread_blocked, id=19808, stack(0x0000007b48e00000,0x0000007b48f00000) (1024K)]
  0x000002187893ba40 JavaThread "Equinox resolver thread - Equinox Container: 16dff91c-e526-438f-88f1-e077bce52ddc" daemon [_thread_blocked, id=35140, stack(0x0000007b48f00000,0x0000007b49000000) (1024K)]
  0x0000021878dff1a0 JavaThread "Equinox resolver thread - Equinox Container: 16dff91c-e526-438f-88f1-e077bce52ddc" daemon [_thread_blocked, id=28540, stack(0x0000007b49000000,0x0000007b49100000) (1024K)]
  0x0000021878dfeb10 JavaThread "Equinox resolver thread - Equinox Container: 16dff91c-e526-438f-88f1-e077bce52ddc" daemon [_thread_blocked, id=30916, stack(0x0000007b49100000,0x0000007b49200000) (1024K)]
  0x0000021878e00550 JavaThread "Equinox resolver thread - Equinox Container: 16dff91c-e526-438f-88f1-e077bce52ddc" daemon [_thread_blocked, id=8372, stack(0x0000007b49200000,0x0000007b49300000) (1024K)]
  0x0000021878e01900 JavaThread "Equinox resolver thread - Equinox Container: 16dff91c-e526-438f-88f1-e077bce52ddc" daemon [_thread_blocked, id=7724, stack(0x0000007b49300000,0x0000007b49400000) (1024K)]
  0x0000021878e00be0 JavaThread "SCR Component Actor"        daemon [_thread_blocked, id=38256, stack(0x0000007b49500000,0x0000007b49600000) (1024K)]
  0x0000021878dfe480 JavaThread "Worker-JM"                         [_thread_blocked, id=29848, stack(0x0000007b49800000,0x0000007b49900000) (1024K)]
  0x0000021878e01f90 JavaThread "Worker-0"                          [_thread_blocked, id=3136, stack(0x0000007b49900000,0x0000007b49a00000) (1024K)]
  0x0000021878e02620 JavaThread "Worker-1"                          [_thread_blocked, id=18548, stack(0x0000007b49a00000,0x0000007b49b00000) (1024K)]
Total: 38

Other Threads:
  0x00000218721f46b0 VMThread "VM Thread"                           [id=35144, stack(0x0000007b46a00000,0x0000007b46b00000) (1024K)]
  0x0000021870d1c210 WatcherThread "VM Periodic Task Thread"        [id=14552, stack(0x0000007b46900000,0x0000007b46a00000) (1024K)]
  0x000002185a3b7760 WorkerThread "GC Thread#0"                     [id=7096, stack(0x0000007b46800000,0x0000007b46900000) (1024K)]
  0x00000218787b5b30 WorkerThread "GC Thread#1"                     [id=32980, stack(0x0000007b47800000,0x0000007b47900000) (1024K)]
  0x000002187830dac0 WorkerThread "GC Thread#2"                     [id=7300, stack(0x0000007b47900000,0x0000007b47a00000) (1024K)]
  0x00000218783c5400 WorkerThread "GC Thread#3"                     [id=6632, stack(0x0000007b47a00000,0x0000007b47b00000) (1024K)]
  0x00000218783c57b0 WorkerThread "GC Thread#4"                     [id=27872, stack(0x0000007b47b00000,0x0000007b47c00000) (1024K)]
  0x00000218783c5b60 WorkerThread "GC Thread#5"                     [id=17848, stack(0x0000007b47c00000,0x0000007b47d00000) (1024K)]
  0x000002187883d180 WorkerThread "GC Thread#6"                     [id=34780, stack(0x0000007b47d00000,0x0000007b47e00000) (1024K)]
  0x00000218789095d0 WorkerThread "GC Thread#7"                     [id=31680, stack(0x0000007b48600000,0x0000007b48700000) (1024K)]
  0x0000021878c619f0 WorkerThread "GC Thread#8"                     [id=34324, stack(0x0000007b49400000,0x0000007b49500000) (1024K)]
  0x0000021879c75160 WorkerThread "GC Thread#9"                     [id=20204, stack(0x0000007b49600000,0x0000007b49700000) (1024K)]
  0x0000021879c76b30 WorkerThread "GC Thread#10"                    [id=32852, stack(0x0000007b49700000,0x0000007b49800000) (1024K)]
  0x000002187a4946e0 WorkerThread "GC Thread#11"                    [id=22392, stack(0x0000007b49b00000,0x0000007b49c00000) (1024K)]
  0x000002187a493f80 WorkerThread "GC Thread#12"                    [id=32204, stack(0x0000007b49c00000,0x0000007b49d00000) (1024K)]
Total: 15

Threads with active compile tasks:
C2 CompilerThread0  6396 3629       4       org.lombokweb.asm.ClassReader::readMethod (1070 bytes)
C2 CompilerThread1  6396 3733       4       java.lang.invoke.MethodType::makeImpl (109 bytes)
Total: 2

VM state: not at safepoint (normal execution)

VM Mutex/Monitor currently owned by a thread: None

Heap address: 0x0000000080000000, size: 2048 MB, Compressed Oops mode: 32-bit

CDS archive(s) mapped at: [0x0000021800000000-0x0000021800ba0000-0x0000021800ba0000), size 12189696, SharedBaseAddress: 0x0000021800000000, ArchiveRelocationMode: 1.
Compressed class space mapped at: 0x0000021801000000-0x0000021841000000, reserved size: 1073741824
Narrow klass base: 0x0000021800000000, Narrow klass shift: 0, Narrow klass range: 0x100000000

GC Precious Log:
 CardTable entry size: 512
 CPUs: 16 total, 16 available
 Memory: 7812M
 Large Page Support: Disabled
 NUMA Support: Disabled
 Compressed Oops: Enabled (32-bit)
 Alignments: Space 512K, Generation 512K, Heap 2M
 Heap Min Capacity: 100M
 Heap Initial Capacity: 100M
 Heap Max Capacity: 2G
 Pre-touch: Disabled
 Parallel Workers: 13

Heap:
 PSYoungGen      total 26112K, used 3966K [0x00000000d5580000, 0x00000000d7500000, 0x0000000100000000)
  eden space 24064K, 8% used [0x00000000d5580000,0x00000000d5778db0,0x00000000d6d00000)
  from space 2048K, 95% used [0x00000000d7300000,0x00000000d74e6da0,0x00000000d7500000)
  to   space 3072K, 0% used [0x00000000d6f00000,0x00000000d6f00000,0x00000000d7200000)
 ParOldGen       total 68608K, used 11494K [0x0000000080000000, 0x0000000084300000, 0x00000000d5580000)
  object space 68608K, 16% used [0x0000000080000000,0x0000000080b39828,0x0000000084300000)
 Metaspace       used 23001K, committed 23616K, reserved 1114112K
  class space    used 2171K, committed 2432K, reserved 1048576K

Card table byte_map: [0x0000021859d30000,0x000002185a140000] _byte_map_base: 0x0000021859930000

Marking Bits: (ParMarkBitMap*) 0x00007ffd4af13450
 Begin Bits: [0x000002186c840000, 0x000002186e840000)
 End Bits:   [0x000002186e840000, 0x0000021870840000)

Polling page: 0x0000021858230000

Metaspace:

Usage:
  Non-class:     20.34 MB used.
      Class:      2.12 MB used.
       Both:     22.46 MB used.

Virtual space:
  Non-class space:       64.00 MB reserved,      20.69 MB ( 32%) committed,  1 nodes.
      Class space:        1.00 GB reserved,       2.38 MB ( <1%) committed,  1 nodes.
             Both:        1.06 GB reserved,      23.06 MB (  2%) committed. 

Chunk freelists:
   Non-Class:  11.25 MB
       Class:  13.49 MB
        Both:  24.73 MB

MaxMetaspaceSize: unlimited
CompressedClassSpaceSize: 1.00 GB
Initial GC threshold: 21.00 MB
Current GC threshold: 35.00 MB
CDS: on
 - commit_granule_bytes: 65536.
 - commit_granule_words: 8192.
 - virtual_space_node_default_size: 8388608.
 - enlarge_chunks_in_place: 1.
 - use_allocation_guard: 0.


Internal statistics:

num_allocs_failed_limit: 3.
num_arena_births: 468.
num_arena_deaths: 14.
num_vsnodes_births: 2.
num_vsnodes_deaths: 0.
num_space_committed: 369.
num_space_uncommitted: 0.
num_chunks_returned_to_freelist: 17.
num_chunks_taken_from_freelist: 1303.
num_chunk_merges: 7.
num_chunk_splits: 856.
num_chunks_enlarged: 575.
num_inconsistent_stats: 0.

CodeHeap 'non-profiled nmethods': size=119168Kb used=1612Kb max_used=1612Kb free=117556Kb
 bounds [0x0000021865130000, 0x00000218653a0000, 0x000002186c590000]
CodeHeap 'profiled nmethods': size=119104Kb used=8283Kb max_used=8283Kb free=110820Kb
 bounds [0x000002185d590000, 0x000002185ddb0000, 0x00000218649e0000]
CodeHeap 'non-nmethods': size=7488Kb used=2436Kb max_used=3034Kb free=5051Kb
 bounds [0x00000218649e0000, 0x0000021864ce0000, 0x0000021865130000]
CodeCache: size=245760Kb, used=12331Kb, max_used=12929Kb, free=233427Kb
 total_blobs=4455, nmethods=3863, adapters=496, full_count=0
Compilation: enabled, stopped_count=0, restarted_count=0

Compilation events (20 events):
Event: 4.316 Thread 0x0000021872223f20 3845       3       java.lang.invoke.DirectMethodHandle$Constructor::viewAsType (49 bytes)
Event: 4.316 Thread 0x00000218788a4b90 nmethod 3838 0x000002185dd89210 code [0x000002185dd895a0, 0x000002185dd8aa70]
Event: 4.316 Thread 0x0000021872223f20 nmethod 3845 0x000002185dd8b710 code [0x000002185dd8b8c0, 0x000002185dd8ba98]
Event: 4.316 Thread 0x00000218723b3400 nmethod 3844 0x000002185dd8bb90 code [0x000002185dd8be00, 0x000002185dd8c730]
Event: 4.317 Thread 0x00000218795e18a0 3846       4       java.util.HashMap::put (13 bytes)
Event: 4.318 Thread 0x0000021872290460 nmethod 3839 0x000002185dd8ca10 code [0x000002185dd8d2e0, 0x000002185dd94838]
Event: 4.669 Thread 0x00000218723b3400 3849       3       java.util.concurrent.Semaphore$NonfairSync::tryAcquireShared (6 bytes)
Event: 5.326 Thread 0x00000218723b3400 nmethod 3849 0x000002185dd97c90 code [0x000002185dd97e40, 0x000002185dd97f78]
Event: 5.326 Thread 0x00000218795e18a0 nmethod 3846 0x00000218652bff90 code [0x00000218652c01e0, 0x00000218652c0b28]
Event: 5.327 Thread 0x00000218795e18a0 3847   !   4       org.eclipse.osgi.internal.loader.BundleLoader::getModuleClassLoader (203 bytes)
Event: 5.329 Thread 0x0000021872223f20 3850       3       jdk.internal.reflect.ReflectionFactory::getExecutableSharedParameterTypes (11 bytes)
Event: 5.329 Thread 0x00000218723b3400 3851       3       java.lang.reflect.ReflectAccess::getExecutableSharedParameterTypes (5 bytes)
Event: 5.329 Thread 0x00000218723b3400 nmethod 3851 0x000002185dd98010 code [0x000002185dd981c0, 0x000002185dd98398]
Event: 5.329 Thread 0x0000021872223f20 nmethod 3850 0x000002185dd98490 code [0x000002185dd98640, 0x000002185dd988b8]
Event: 5.333 Thread 0x00000218795e18a0 nmethod 3847 0x00000218652c1190 code [0x00000218652c13a0, 0x00000218652c1a10]
Event: 5.333 Thread 0x00000218795e18a0 3848       4       java.lang.invoke.Invokers$Holder::linkToTargetMethod (9 bytes)
Event: 5.335 Thread 0x00000218723b3400 3853       3       jdk.internal.org.objectweb.asm.Frame::execute (2305 bytes)
Event: 5.335 Thread 0x00000218795e18a0 nmethod 3848 0x00000218652c2210 code [0x00000218652c23a0, 0x00000218652c2498]
Event: 5.339 Thread 0x00000218723b3400 nmethod 3853 0x000002185dd98a10 code [0x000002185dd99840, 0x000002185dd9fcc0]
Event: 6.007 Thread 0x00000218723b3400 3854       3       java.util.concurrent.locks.LockSupport::setBlocker (12 bytes)

GC Heap History (18 events):
Event: 1.542 GC heap before
{Heap before GC invocations=1 (full 0):
 PSYoungGen      total 29696K, used 25600K [0x00000000d5580000, 0x00000000d7680000, 0x0000000100000000)
  eden space 25600K, 100% used [0x00000000d5580000,0x00000000d6e80000,0x00000000d6e80000)
  from space 4096K, 0% used [0x00000000d7280000,0x00000000d7280000,0x00000000d7680000)
  to   space 4096K, 0% used [0x00000000d6e80000,0x00000000d6e80000,0x00000000d7280000)
 ParOldGen       total 68608K, used 0K [0x0000000080000000, 0x0000000084300000, 0x00000000d5580000)
  object space 68608K, 0% used [0x0000000080000000,0x0000000080000000,0x0000000084300000)
 Metaspace       used 4425K, committed 4672K, reserved 1114112K
  class space    used 486K, committed 576K, reserved 1048576K
}
Event: 1.547 GC heap after
{Heap after GC invocations=1 (full 0):
 PSYoungGen      total 29696K, used 3723K [0x00000000d5580000, 0x00000000d7680000, 0x0000000100000000)
  eden space 25600K, 0% used [0x00000000d5580000,0x00000000d5580000,0x00000000d6e80000)
  from space 4096K, 90% used [0x00000000d6e80000,0x00000000d7222ff0,0x00000000d7280000)
  to   space 4096K, 0% used [0x00000000d7280000,0x00000000d7280000,0x00000000d7680000)
 ParOldGen       total 68608K, used 16K [0x0000000080000000, 0x0000000084300000, 0x00000000d5580000)
  object space 68608K, 0% used [0x0000000080000000,0x0000000080004000,0x0000000084300000)
 Metaspace       used 4425K, committed 4672K, reserved 1114112K
  class space    used 486K, committed 576K, reserved 1048576K
}
Event: 1.824 GC heap before
{Heap before GC invocations=2 (full 0):
 PSYoungGen      total 29696K, used 29323K [0x00000000d5580000, 0x00000000d7680000, 0x0000000100000000)
  eden space 25600K, 100% used [0x00000000d5580000,0x00000000d6e80000,0x00000000d6e80000)
  from space 4096K, 90% used [0x00000000d6e80000,0x00000000d7222ff0,0x00000000d7280000)
  to   space 4096K, 0% used [0x00000000d7280000,0x00000000d7280000,0x00000000d7680000)
 ParOldGen       total 68608K, used 16K [0x0000000080000000, 0x0000000084300000, 0x00000000d5580000)
  object space 68608K, 0% used [0x0000000080000000,0x0000000080004000,0x0000000084300000)
 Metaspace       used 8329K, committed 8640K, reserved 1114112K
  class space    used 883K, committed 1024K, reserved 1048576K
}
Event: 1.827 GC heap after
{Heap after GC invocations=2 (full 0):
 PSYoungGen      total 29696K, used 4078K [0x00000000d5580000, 0x00000000d7680000, 0x0000000100000000)
  eden space 25600K, 0% used [0x00000000d5580000,0x00000000d5580000,0x00000000d6e80000)
  from space 4096K, 99% used [0x00000000d7280000,0x00000000d767bbd8,0x00000000d7680000)
  to   space 4096K, 0% used [0x00000000d6e80000,0x00000000d6e80000,0x00000000d7280000)
 ParOldGen       total 68608K, used 48K [0x0000000080000000, 0x0000000084300000, 0x00000000d5580000)
  object space 68608K, 0% used [0x0000000080000000,0x000000008000c000,0x0000000084300000)
 Metaspace       used 8329K, committed 8640K, reserved 1114112K
  class space    used 883K, committed 1024K, reserved 1048576K
}
Event: 2.194 GC heap before
{Heap before GC invocations=3 (full 0):
 PSYoungGen      total 29696K, used 29678K [0x00000000d5580000, 0x00000000d7680000, 0x0000000100000000)
  eden space 25600K, 100% used [0x00000000d5580000,0x00000000d6e80000,0x00000000d6e80000)
  from space 4096K, 99% used [0x00000000d7280000,0x00000000d767bbd8,0x00000000d7680000)
  to   space 4096K, 0% used [0x00000000d6e80000,0x00000000d6e80000,0x00000000d7280000)
 ParOldGen       total 68608K, used 48K [0x0000000080000000, 0x0000000084300000, 0x00000000d5580000)
  object space 68608K, 0% used [0x0000000080000000,0x000000008000c000,0x0000000084300000)
 Metaspace       used 8922K, committed 9280K, reserved 1114112K
  class space    used 922K, committed 1088K, reserved 1048576K
}
Event: 2.201 GC heap after
{Heap after GC invocations=3 (full 0):
 PSYoungGen      total 29696K, used 4073K [0x00000000d5580000, 0x00000000d7680000, 0x0000000100000000)
  eden space 25600K, 0% used [0x00000000d5580000,0x00000000d5580000,0x00000000d6e80000)
  from space 4096K, 99% used [0x00000000d6e80000,0x00000000d727a418,0x00000000d7280000)
  to   space 4096K, 0% used [0x00000000d7280000,0x00000000d7280000,0x00000000d7680000)
 ParOldGen       total 68608K, used 5855K [0x0000000080000000, 0x0000000084300000, 0x00000000d5580000)
  object space 68608K, 8% used [0x0000000080000000,0x00000000805b7f98,0x0000000084300000)
 Metaspace       used 8922K, committed 9280K, reserved 1114112K
  class space    used 922K, committed 1088K, reserved 1048576K
}
Event: 2.531 GC heap before
{Heap before GC invocations=4 (full 0):
 PSYoungGen      total 29696K, used 29673K [0x00000000d5580000, 0x00000000d7680000, 0x0000000100000000)
  eden space 25600K, 100% used [0x00000000d5580000,0x00000000d6e80000,0x00000000d6e80000)
  from space 4096K, 99% used [0x00000000d6e80000,0x00000000d727a418,0x00000000d7280000)
  to   space 4096K, 0% used [0x00000000d7280000,0x00000000d7280000,0x00000000d7680000)
 ParOldGen       total 68608K, used 5855K [0x0000000080000000, 0x0000000084300000, 0x00000000d5580000)
  object space 68608K, 8% used [0x0000000080000000,0x00000000805b7f98,0x0000000084300000)
 Metaspace       used 12305K, committed 12736K, reserved 1114112K
  class space    used 1265K, committed 1472K, reserved 1048576K
}
Event: 2.536 GC heap after
{Heap after GC invocations=4 (full 0):
 PSYoungGen      total 29696K, used 4078K [0x00000000d5580000, 0x00000000d7680000, 0x0000000100000000)
  eden space 25600K, 0% used [0x00000000d5580000,0x00000000d5580000,0x00000000d6e80000)
  from space 4096K, 99% used [0x00000000d7280000,0x00000000d767bb68,0x00000000d7680000)
  to   space 4096K, 0% used [0x00000000d6e80000,0x00000000d6e80000,0x00000000d7280000)
 ParOldGen       total 68608K, used 8100K [0x0000000080000000, 0x0000000084300000, 0x00000000d5580000)
  object space 68608K, 11% used [0x0000000080000000,0x00000000807e91e0,0x0000000084300000)
 Metaspace       used 12305K, committed 12736K, reserved 1114112K
  class space    used 1265K, committed 1472K, reserved 1048576K
}
Event: 2.849 GC heap before
{Heap before GC invocations=5 (full 0):
 PSYoungGen      total 29696K, used 29678K [0x00000000d5580000, 0x00000000d7680000, 0x0000000100000000)
  eden space 25600K, 100% used [0x00000000d5580000,0x00000000d6e80000,0x00000000d6e80000)
  from space 4096K, 99% used [0x00000000d7280000,0x00000000d767bb68,0x00000000d7680000)
  to   space 4096K, 0% used [0x00000000d6e80000,0x00000000d6e80000,0x00000000d7280000)
 ParOldGen       total 68608K, used 8100K [0x0000000080000000, 0x0000000084300000, 0x00000000d5580000)
  object space 68608K, 11% used [0x0000000080000000,0x00000000807e91e0,0x0000000084300000)
 Metaspace       used 16648K, committed 17280K, reserved 1114112K
  class space    used 1698K, committed 1984K, reserved 1048576K
}
Event: 2.852 GC heap after
{Heap after GC invocations=5 (full 0):
 PSYoungGen      total 29184K, used 4085K [0x00000000d5580000, 0x00000000d7b00000, 0x0000000100000000)
  eden space 25088K, 0% used [0x00000000d5580000,0x00000000d5580000,0x00000000d6e00000)
  from space 4096K, 99% used [0x00000000d6e80000,0x00000000d727d708,0x00000000d7280000)
  to   space 6656K, 0% used [0x00000000d7480000,0x00000000d7480000,0x00000000d7b00000)
 ParOldGen       total 68608K, used 9891K [0x0000000080000000, 0x0000000084300000, 0x00000000d5580000)
  object space 68608K, 14% used [0x0000000080000000,0x00000000809a8dc0,0x0000000084300000)
 Metaspace       used 16648K, committed 17280K, reserved 1114112K
  class space    used 1698K, committed 1984K, reserved 1048576K
}
Event: 3.017 GC heap before
{Heap before GC invocations=6 (full 0):
 PSYoungGen      total 29184K, used 29173K [0x00000000d5580000, 0x00000000d7b00000, 0x0000000100000000)
  eden space 25088K, 100% used [0x00000000d5580000,0x00000000d6e00000,0x00000000d6e00000)
  from space 4096K, 99% used [0x00000000d6e80000,0x00000000d727d708,0x00000000d7280000)
  to   space 6656K, 0% used [0x00000000d7480000,0x00000000d7480000,0x00000000d7b00000)
 ParOldGen       total 68608K, used 9891K [0x0000000080000000, 0x0000000084300000, 0x00000000d5580000)
  object space 68608K, 14% used [0x0000000080000000,0x00000000809a8dc0,0x0000000084300000)
 Metaspace       used 19812K, committed 20352K, reserved 1114112K
  class space    used 1921K, committed 2176K, reserved 1048576K
}
Event: 3.019 GC heap after
{Heap after GC invocations=6 (full 0):
 PSYoungGen      total 29184K, used 4421K [0x00000000d5580000, 0x00000000d7900000, 0x0000000100000000)
  eden space 24576K, 0% used [0x00000000d5580000,0x00000000d5580000,0x00000000d6d80000)
  from space 4608K, 95% used [0x00000000d7480000,0x00000000d78d1748,0x00000000d7900000)
  to   space 5120K, 0% used [0x00000000d6f00000,0x00000000d6f00000,0x00000000d7400000)
 ParOldGen       total 68608K, used 9891K [0x0000000080000000, 0x0000000084300000, 0x00000000d5580000)
  object space 68608K, 14% used [0x0000000080000000,0x00000000809a8dc0,0x0000000084300000)
 Metaspace       used 19812K, committed 20352K, reserved 1114112K
  class space    used 1921K, committed 2176K, reserved 1048576K
}
Event: 3.082 GC heap before
{Heap before GC invocations=7 (full 0):
 PSYoungGen      total 29184K, used 13903K [0x00000000d5580000, 0x00000000d7900000, 0x0000000100000000)
  eden space 24576K, 38% used [0x00000000d5580000,0x00000000d5ec2778,0x00000000d6d80000)
  from space 4608K, 95% used [0x00000000d7480000,0x00000000d78d1748,0x00000000d7900000)
  to   space 5120K, 0% used [0x00000000d6f00000,0x00000000d6f00000,0x00000000d7400000)
 ParOldGen       total 68608K, used 9891K [0x0000000080000000, 0x0000000084300000, 0x00000000d5580000)
  object space 68608K, 14% used [0x0000000080000000,0x00000000809a8dc0,0x0000000084300000)
 Metaspace       used 20954K, committed 21504K, reserved 1114112K
  class space    used 2011K, committed 2304K, reserved 1048576K
}
Event: 3.084 GC heap after
{Heap after GC invocations=7 (full 0):
 PSYoungGen      total 28672K, used 3694K [0x00000000d5580000, 0x00000000d7580000, 0x0000000100000000)
  eden space 24576K, 0% used [0x00000000d5580000,0x00000000d5580000,0x00000000d6d80000)
  from space 4096K, 90% used [0x00000000d6f00000,0x00000000d729b988,0x00000000d7300000)
  to   space 2560K, 0% used [0x00000000d7300000,0x00000000d7300000,0x00000000d7580000)
 ParOldGen       total 68608K, used 10933K [0x0000000080000000, 0x0000000084300000, 0x00000000d5580000)
  object space 68608K, 15% used [0x0000000080000000,0x0000000080aad760,0x0000000084300000)
 Metaspace       used 20954K, committed 21504K, reserved 1114112K
  class space    used 2011K, committed 2304K, reserved 1048576K
}
Event: 3.084 GC heap before
{Heap before GC invocations=8 (full 1):
 PSYoungGen      total 28672K, used 3694K [0x00000000d5580000, 0x00000000d7580000, 0x0000000100000000)
  eden space 24576K, 0% used [0x00000000d5580000,0x00000000d5580000,0x00000000d6d80000)
  from space 4096K, 90% used [0x00000000d6f00000,0x00000000d729b988,0x00000000d7300000)
  to   space 2560K, 0% used [0x00000000d7300000,0x00000000d7300000,0x00000000d7580000)
 ParOldGen       total 68608K, used 10933K [0x0000000080000000, 0x0000000084300000, 0x00000000d5580000)
  object space 68608K, 15% used [0x0000000080000000,0x0000000080aad760,0x0000000084300000)
 Metaspace       used 20954K, committed 21504K, reserved 1114112K
  class space    used 2011K, committed 2304K, reserved 1048576K
}
Event: 3.103 GC heap after
{Heap after GC invocations=8 (full 1):
 PSYoungGen      total 28672K, used 0K [0x00000000d5580000, 0x00000000d7580000, 0x0000000100000000)
  eden space 24576K, 0% used [0x00000000d5580000,0x00000000d5580000,0x00000000d6d80000)
  from space 4096K, 0% used [0x00000000d6f00000,0x00000000d6f00000,0x00000000d7300000)
  to   space 2560K, 0% used [0x00000000d7300000,0x00000000d7300000,0x00000000d7580000)
 ParOldGen       total 68608K, used 10704K [0x0000000080000000, 0x0000000084300000, 0x00000000d5580000)
  object space 68608K, 15% used [0x0000000080000000,0x0000000080a74318,0x0000000084300000)
 Metaspace       used 20942K, committed 21504K, reserved 1114112K
  class space    used 2008K, committed 2304K, reserved 1048576K
}
Event: 4.312 GC heap before
{Heap before GC invocations=9 (full 1):
 PSYoungGen      total 28672K, used 24576K [0x00000000d5580000, 0x00000000d7580000, 0x0000000100000000)
  eden space 24576K, 100% used [0x00000000d5580000,0x00000000d6d80000,0x00000000d6d80000)
  from space 4096K, 0% used [0x00000000d6f00000,0x00000000d6f00000,0x00000000d7300000)
  to   space 2560K, 0% used [0x00000000d7300000,0x00000000d7300000,0x00000000d7580000)
 ParOldGen       total 68608K, used 10704K [0x0000000080000000, 0x0000000084300000, 0x00000000d5580000)
  object space 68608K, 15% used [0x0000000080000000,0x0000000080a74318,0x0000000084300000)
 Metaspace       used 22648K, committed 23232K, reserved 1114112K
  class space    used 2139K, committed 2368K, reserved 1048576K
}
Event: 4.314 GC heap after
{Heap after GC invocations=9 (full 1):
 PSYoungGen      total 26112K, used 1947K [0x00000000d5580000, 0x00000000d7500000, 0x0000000100000000)
  eden space 24064K, 0% used [0x00000000d5580000,0x00000000d5580000,0x00000000d6d00000)
  from space 2048K, 95% used [0x00000000d7300000,0x00000000d74e6da0,0x00000000d7500000)
  to   space 3072K, 0% used [0x00000000d6f00000,0x00000000d6f00000,0x00000000d7200000)
 ParOldGen       total 68608K, used 11494K [0x0000000080000000, 0x0000000084300000, 0x00000000d5580000)
  object space 68608K, 16% used [0x0000000080000000,0x0000000080b39828,0x0000000084300000)
 Metaspace       used 22648K, committed 23232K, reserved 1114112K
  class space    used 2139K, committed 2368K, reserved 1048576K
}

Dll operation events (11 events):
Event: 0.043 Loaded shared library c:\Users\Angel\.antigravity\extensions\redhat.java-1.54.0-win32-x64\jre\21.0.10-win32-x86_64\bin\java.dll
Event: 0.135 Loaded shared library c:\Users\Angel\.antigravity\extensions\redhat.java-1.54.0-win32-x64\jre\21.0.10-win32-x86_64\bin\zip.dll
Event: 0.157 Loaded shared library C:\Users\Angel\.antigravity\extensions\redhat.java-1.54.0-win32-x64\jre\21.0.10-win32-x86_64\bin\instrument.dll
Event: 0.161 Loaded shared library C:\Users\Angel\.antigravity\extensions\redhat.java-1.54.0-win32-x64\jre\21.0.10-win32-x86_64\bin\net.dll
Event: 0.164 Loaded shared library C:\Users\Angel\.antigravity\extensions\redhat.java-1.54.0-win32-x64\jre\21.0.10-win32-x86_64\bin\nio.dll
Event: 0.166 Loaded shared library C:\Users\Angel\.antigravity\extensions\redhat.java-1.54.0-win32-x64\jre\21.0.10-win32-x86_64\bin\zip.dll
Event: 0.187 Loaded shared library C:\Users\Angel\.antigravity\extensions\redhat.java-1.54.0-win32-x64\jre\21.0.10-win32-x86_64\bin\jimage.dll
Event: 0.246 Loaded shared library c:\Users\Angel\.antigravity\extensions\redhat.java-1.54.0-win32-x64\jre\21.0.10-win32-x86_64\bin\verify.dll
Event: 2.188 Loaded shared library C:\Users\Angel\AppData\Roaming\Antigravity\User\globalStorage\redhat.java\1.54.0\config_ss_win\org.eclipse.equinox.launcher\org.eclipse.equinox.launcher.win32.win32.x86_64_1.3.0.v20260203-2149\eclipse_11919.dll
Event: 2.723 Loaded shared library C:\Users\Angel\.antigravity\extensions\redhat.java-1.54.0-win32-x64\jre\21.0.10-win32-x86_64\bin\management.dll
Event: 2.728 Loaded shared library C:\Users\Angel\.antigravity\extensions\redhat.java-1.54.0-win32-x64\jre\21.0.10-win32-x86_64\bin\management_ext.dll

Deoptimization events (20 events):
Event: 4.304 Thread 0x000002187893b3b0 Uncommon trap: trap_request=0xffffffc6 fr.pc=0x00000218651e5ecc relative=0x00000000000009cc
Event: 4.304 Thread 0x000002187893b3b0 Uncommon trap: reason=bimorphic_or_optimized_type_check action=maybe_recompile pc=0x00000218651e5ecc method=java.util.HashMap.putVal(ILjava/lang/Object;Ljava/lang/Object;ZZ)Ljava/lang/Object; @ 56 c2
Event: 4.304 Thread 0x000002187893b3b0 DEOPT PACKING pc=0x00000218651e5ecc sp=0x0000007b488fdc10
Event: 4.304 Thread 0x000002187893b3b0 DEOPT UNPACKING pc=0x0000021864a33aa2 sp=0x0000007b488fdb10 mode 2
Event: 4.304 Thread 0x000002187893b3b0 Uncommon trap: trap_request=0xffffffc6 fr.pc=0x00000218651e5ecc relative=0x00000000000009cc
Event: 4.304 Thread 0x000002187893b3b0 Uncommon trap: reason=bimorphic_or_optimized_type_check action=maybe_recompile pc=0x00000218651e5ecc method=java.util.HashMap.putVal(ILjava/lang/Object;Ljava/lang/Object;ZZ)Ljava/lang/Object; @ 56 c2
Event: 4.304 Thread 0x000002187893b3b0 DEOPT PACKING pc=0x00000218651e5ecc sp=0x0000007b488fdc10
Event: 4.304 Thread 0x000002187893b3b0 DEOPT UNPACKING pc=0x0000021864a33aa2 sp=0x0000007b488fdb10 mode 2
Event: 4.304 Thread 0x000002187893b3b0 Uncommon trap: trap_request=0xffffffc6 fr.pc=0x00000218651d43f8 relative=0x0000000000000978
Event: 4.304 Thread 0x000002187893b3b0 Uncommon trap: reason=bimorphic_or_optimized_type_check action=maybe_recompile pc=0x00000218651d43f8 method=java.util.HashMap.putVal(ILjava/lang/Object;Ljava/lang/Object;ZZ)Ljava/lang/Object; @ 152 c2
Event: 4.304 Thread 0x000002187893b3b0 DEOPT PACKING pc=0x00000218651d43f8 sp=0x0000007b488fdb90
Event: 4.304 Thread 0x000002187893b3b0 DEOPT UNPACKING pc=0x0000021864a33aa2 sp=0x0000007b488fdb20 mode 2
Event: 4.304 Thread 0x000002187893b3b0 Uncommon trap: trap_request=0xffffffc6 fr.pc=0x00000218651d43b8 relative=0x0000000000000938
Event: 4.304 Thread 0x000002187893b3b0 Uncommon trap: reason=bimorphic_or_optimized_type_check action=maybe_recompile pc=0x00000218651d43b8 method=java.util.HashMap.putVal(ILjava/lang/Object;Ljava/lang/Object;ZZ)Ljava/lang/Object; @ 56 c2
Event: 4.304 Thread 0x000002187893b3b0 DEOPT PACKING pc=0x00000218651d43b8 sp=0x0000007b488fdb90
Event: 4.304 Thread 0x000002187893b3b0 DEOPT UNPACKING pc=0x0000021864a33aa2 sp=0x0000007b488fdb18 mode 2
Event: 4.316 Thread 0x000002187893b3b0 Uncommon trap: trap_request=0xffffff45 fr.pc=0x00000218652bd3f8 relative=0x0000000000000978
Event: 4.316 Thread 0x000002187893b3b0 Uncommon trap: reason=unstable_if action=reinterpret pc=0x00000218652bd3f8 method=java.util.regex.Pattern$BmpCharPropertyGreedy.match(Ljava/util/regex/Matcher;ILjava/lang/CharSequence;)Z @ 12 c2
Event: 4.316 Thread 0x000002187893b3b0 DEOPT PACKING pc=0x00000218652bd3f8 sp=0x0000007b488fd7c0
Event: 4.316 Thread 0x000002187893b3b0 DEOPT UNPACKING pc=0x0000021864a33aa2 sp=0x0000007b488fd688 mode 2

Classes loaded (20 events):
Event: 5.331 Loading class java/security/DrbgParameters
Event: 5.332 Loading class java/security/DrbgParameters done
Event: 5.332 Loading class java/security/DrbgParameters$Instantiation
Event: 5.332 Loading class java/security/DrbgParameters$Instantiation done
Event: 5.332 Loading class sun/security/provider/HashDrbg
Event: 5.332 Loading class sun/security/provider/AbstractHashDrbg
Event: 5.332 Loading class sun/security/provider/AbstractDrbg
Event: 5.332 Loading class sun/security/provider/AbstractDrbg done
Event: 5.332 Loading class sun/security/provider/AbstractHashDrbg done
Event: 5.332 Loading class sun/security/provider/HashDrbg done
Event: 5.333 Loading class sun/security/provider/EntropySource
Event: 5.333 Loading class sun/security/provider/EntropySource done
Event: 5.337 Loading class java/security/DrbgParameters$NextBytes
Event: 5.337 Loading class java/security/DrbgParameters$NextBytes done
Event: 5.337 Loading class sun/security/provider/AbstractDrbg$SeederHolder
Event: 5.337 Loading class sun/security/provider/AbstractDrbg$SeederHolder done
Event: 5.337 Loading class sun/security/provider/SeedGenerator
Event: 5.338 Loading class sun/security/provider/SeedGenerator done
Event: 5.338 Loading class sun/security/provider/NativeSeedGenerator
Event: 5.338 Loading class sun/security/provider/NativeSeedGenerator done

Classes unloaded (7 events):
Event: 3.089 Thread 0x00000218721f46b0 Unloading class 0x00000218011a1000 'java/lang/invoke/LambdaForm$MH+0x00000218011a1000'
Event: 3.089 Thread 0x00000218721f46b0 Unloading class 0x00000218011a0c00 'java/lang/invoke/LambdaForm$MH+0x00000218011a0c00'
Event: 3.089 Thread 0x00000218721f46b0 Unloading class 0x00000218011a0800 'java/lang/invoke/LambdaForm$MH+0x00000218011a0800'
Event: 3.089 Thread 0x00000218721f46b0 Unloading class 0x00000218011a0400 'java/lang/invoke/LambdaForm$MH+0x00000218011a0400'
Event: 3.089 Thread 0x00000218721f46b0 Unloading class 0x00000218011a0000 'java/lang/invoke/LambdaForm$BMH+0x00000218011a0000'
Event: 3.089 Thread 0x00000218721f46b0 Unloading class 0x000002180119fc00 'java/lang/invoke/LambdaForm$DMH+0x000002180119fc00'
Event: 3.089 Thread 0x00000218721f46b0 Unloading class 0x000002180119e800 'java/lang/invoke/LambdaForm$DMH+0x000002180119e800'

Classes redefined (0 events):
No events

Internal exceptions (20 events):
Event: 2.807 Thread 0x0000021878e01f90 Exception <a 'java/lang/NoSuchMethodError'{0x00000000d6b04bc8}: 'java.lang.Object java.lang.invoke.DirectMethodHandle$Holder.newInvokeSpecial(java.lang.Object, java.lang.Object, int, java.lang.Object)'> (0x00000000d6b04bc8) 
thrown [s\src\hotspot\share\interpreter\linkResolver.cpp, line 773]
Event: 2.808 Thread 0x0000021878e01f90 Exception <a 'java/lang/NoSuchMethodError'{0x00000000d6b084a8}: 'java.lang.Object java.lang.invoke.DirectMethodHandle$Holder.invokeSpecial(java.lang.Object, java.lang.Object, java.lang.Object, int, java.lang.Object)'> (0x00000000d6b084a8) 
thrown [s\src\hotspot\share\interpreter\linkResolver.cpp, line 773]
Event: 2.819 Thread 0x000002187893b3b0 Exception <a 'java/lang/NoSuchMethodError'{0x00000000d6bf6ab8}: 'void java.lang.invoke.DirectMethodHandle$Holder.invokeSpecial(java.lang.Object, java.lang.Object, java.lang.Object, java.lang.Object, java.lang.Object)'> (0x00000000d6bf6ab8) 
thrown [s\src\hotspot\share\interpreter\linkResolver.cpp, line 773]
Event: 2.840 Thread 0x000002187893b3b0 Exception <a 'java/lang/NoSuchMethodError'{0x00000000d6dce0d0}: 'double java.lang.invoke.DirectMethodHandle$Holder.invokeStatic(java.lang.Object, java.lang.Object)'> (0x00000000d6dce0d0) 
thrown [s\src\hotspot\share\interpreter\linkResolver.cpp, line 773]
Event: 2.841 Thread 0x000002187893b3b0 Exception <a 'java/lang/NoSuchMethodError'{0x00000000d6dd1790}: 'double java.lang.invoke.DirectMethodHandle$Holder.invokeStaticInit(java.lang.Object, java.lang.Object)'> (0x00000000d6dd1790) 
thrown [s\src\hotspot\share\interpreter\linkResolver.cpp, line 773]
Event: 2.927 Thread 0x000002187893b3b0 Exception <a 'java/io/FileNotFoundException'{0x00000000d64c61e8}> (0x00000000d64c61e8) 
thrown [s\src\hotspot\share\prims\jni.cpp, line 520]
Event: 2.927 Thread 0x000002187893b3b0 Exception <a 'java/io/FileNotFoundException'{0x00000000d64c7080}> (0x00000000d64c7080) 
thrown [s\src\hotspot\share\prims\jni.cpp, line 520]
Event: 2.927 Thread 0x000002187893b3b0 Exception <a 'java/io/FileNotFoundException'{0x00000000d64c8020}> (0x00000000d64c8020) 
thrown [s\src\hotspot\share\prims\jni.cpp, line 520]
Event: 3.021 Thread 0x000002187893b3b0 Exception <a 'java/lang/NoSuchMethodError'{0x00000000d5595e58}: 'int java.lang.invoke.DirectMethodHandle$Holder.invokeStaticInit(java.lang.Object, java.lang.Object, java.lang.Object)'> (0x00000000d5595e58) 
thrown [s\src\hotspot\share\interpreter\linkResolver.cpp, line 773]
Event: 3.052 Thread 0x000002187893b3b0 Implicit null exception at 0x000002186529d375 to 0x000002186529d450
Event: 3.134 Thread 0x000002187893b3b0 Exception <a 'java/io/FileNotFoundException'{0x00000000d5859868}> (0x00000000d5859868) 
thrown [s\src\hotspot\share\prims\jni.cpp, line 520]
Event: 3.135 Thread 0x000002187893b3b0 Exception <a 'java/lang/NoSuchMethodError'{0x00000000d5861128}: 'java.lang.Object java.lang.invoke.DirectMethodHandle$Holder.newInvokeSpecial(java.lang.Object, int, java.lang.Object, java.lang.Object)'> (0x00000000d5861128) 
thrown [s\src\hotspot\share\interpreter\linkResolver.cpp, line 773]
Event: 4.163 Thread 0x000002187893b3b0 Exception <a 'java/io/FileNotFoundException'{0x00000000d63e8e20}> (0x00000000d63e8e20) 
thrown [s\src\hotspot\share\prims\jni.cpp, line 520]
Event: 4.164 Thread 0x000002187893b3b0 Exception <a 'java/io/FileNotFoundException'{0x00000000d63e9e70}> (0x00000000d63e9e70) 
thrown [s\src\hotspot\share\prims\jni.cpp, line 520]
Event: 4.164 Thread 0x000002187893b3b0 Exception <a 'java/io/FileNotFoundException'{0x00000000d63f7ee0}> (0x00000000d63f7ee0) 
thrown [s\src\hotspot\share\prims\jni.cpp, line 520]
Event: 4.269 Thread 0x000002187893b3b0 Exception <a 'java/io/FileNotFoundException'{0x00000000d6b60708}> (0x00000000d6b60708) 
thrown [s\src\hotspot\share\prims\jni.cpp, line 520]
Event: 4.309 Thread 0x000002187893b3b0 Exception <a 'sun/nio/fs/WindowsException'{0x00000000d6d4c550}> (0x00000000d6d4c550) 
thrown [s\src\hotspot\share\prims\jni.cpp, line 520]
Event: 4.309 Thread 0x000002187893b3b0 Exception <a 'sun/nio/fs/WindowsException'{0x00000000d6d4cd60}> (0x00000000d6d4cd60) 
thrown [s\src\hotspot\share\prims\jni.cpp, line 520]
Event: 4.318 Thread 0x000002187893b3b0 Exception <a 'sun/nio/fs/WindowsException'{0x00000000d55d1438}> (0x00000000d55d1438) 
thrown [s\src\hotspot\share\prims\jni.cpp, line 520]
Event: 5.336 Thread 0x000002187893b3b0 Exception <a 'java/lang/NoSuchMethodError'{0x00000000d5698e18}: 'java.lang.Object java.lang.invoke.DirectMethodHandle$Holder.invokeStaticInit(java.lang.Object, int, int, int, int)'> (0x00000000d5698e18) 
thrown [s\src\hotspot\share\interpreter\linkResolver.cpp, line 773]

ZGC Phase Switch (0 events):
No events

VM Operations (20 events):
Event: 2.757 Executing non-safepoint VM operation: HandshakeAllThreads (Deoptimize)
Event: 2.757 Executing non-safepoint VM operation: HandshakeAllThreads (Deoptimize) done
Event: 2.770 Executing non-safepoint VM operation: HandshakeAllThreads (Deoptimize)
Event: 2.770 Executing non-safepoint VM operation: HandshakeAllThreads (Deoptimize) done
Event: 2.849 Executing safepoint VM operation: ParallelGCFailedAllocation (Allocation Failure)
Event: 2.852 Executing safepoint VM operation: ParallelGCFailedAllocation (Allocation Failure) done
Event: 3.017 Executing safepoint VM operation: ParallelGCFailedAllocation (Allocation Failure)
Event: 3.019 Executing safepoint VM operation: ParallelGCFailedAllocation (Allocation Failure) done
Event: 3.082 Executing safepoint VM operation: CollectForMetadataAllocation (Metadata GC Threshold)
Event: 3.103 Executing safepoint VM operation: CollectForMetadataAllocation (Metadata GC Threshold) done
Event: 4.303 Executing non-safepoint VM operation: HandshakeAllThreads (Deoptimize)
Event: 4.303 Executing non-safepoint VM operation: HandshakeAllThreads (Deoptimize) done
Event: 4.303 Executing safepoint VM operation: Cleanup
Event: 4.303 Executing safepoint VM operation: Cleanup done
Event: 4.312 Executing safepoint VM operation: ParallelGCFailedAllocation (Allocation Failure)
Event: 4.314 Executing safepoint VM operation: ParallelGCFailedAllocation (Allocation Failure) done
Event: 5.314 Executing safepoint VM operation: Cleanup
Event: 5.326 Executing safepoint VM operation: Cleanup done
Event: 6.327 Executing safepoint VM operation: Cleanup
Event: 6.327 Executing safepoint VM operation: Cleanup done

Memory protections (0 events):
No events

Nmethod flushes (0 events):
No events

Events (20 events):
Event: 2.043 Thread 0x000002185a3a0e50 Thread added: 0x0000021878938c50
Event: 2.076 Thread 0x0000021878938c50 Thread added: 0x0000021878939970
Event: 2.076 Thread 0x0000021878938c50 Thread added: 0x00000218789385c0
Event: 2.076 Thread 0x0000021878938c50 Thread added: 0x000002187893a690
Event: 2.076 Thread 0x0000021878938c50 Thread added: 0x00000218789392e0
Event: 2.076 Thread 0x0000021878938c50 Thread added: 0x000002187893a000
Event: 2.077 Thread 0x0000021878938c50 Thread added: 0x000002187893ba40
Event: 2.077 Thread 0x0000021878938c50 Thread added: 0x0000021878dff1a0
Event: 2.077 Thread 0x0000021878938c50 Thread added: 0x0000021878dfeb10
Event: 2.077 Thread 0x0000021878938c50 Thread added: 0x0000021878e00550
Event: 2.077 Thread 0x0000021878938c50 Thread added: 0x0000021878e01900
Event: 2.353 Thread 0x000002187893b3b0 Thread added: 0x0000021878e00be0
Event: 2.650 Thread 0x000002187893b3b0 Thread added: 0x0000021878dfe480
Event: 2.798 Thread 0x000002187893b3b0 Thread added: 0x0000021878e01f90
Event: 2.807 Thread 0x000002187893b3b0 Thread added: 0x0000021878e02620
Event: 4.154 Thread 0x00000218788a4b90 Thread added: 0x00000218795e18a0
Event: 4.253 Thread 0x000002187893b3b0 Thread added: 0x0000021878e02cb0
Event: 4.319 Thread 0x0000021878e02cb0 Thread exited: 0x0000021878e02cb0
Event: 5.329 Thread 0x00000218788a4b90 Thread exited: 0x00000218788a4b90
Event: 6.007 Thread 0x00000218795e18a0 Thread exited: 0x00000218795e18a0


Dynamic libraries:
0x00007ff6eb410000 - 0x00007ff6eb41e000 	c:\Users\Angel\.antigravity\extensions\redhat.java-1.54.0-win32-x64\jre\21.0.10-win32-x86_64\bin\java.exe
0x00007ffec6980000 - 0x00007ffec6be8000 	C:\WINDOWS\SYSTEM32\ntdll.dll
0x00007ffec53a0000 - 0x00007ffec5469000 	C:\WINDOWS\System32\KERNEL32.DLL
0x00007ffec3ff0000 - 0x00007ffec43e1000 	C:\WINDOWS\System32\KERNELBASE.dll
0x00007ffebfb70000 - 0x00007ffebfc0e000 	C:\WINDOWS\SYSTEM32\apphelp.dll
0x00007ffec33d0000 - 0x00007ffec351b000 	C:\WINDOWS\System32\ucrtbase.dll
0x00007ffebad20000 - 0x00007ffebad38000 	c:\Users\Angel\.antigravity\extensions\redhat.java-1.54.0-win32-x64\jre\21.0.10-win32-x86_64\bin\jli.dll
0x00007ffe84a30000 - 0x00007ffe84a4e000 	c:\Users\Angel\.antigravity\extensions\redhat.java-1.54.0-win32-x64\jre\21.0.10-win32-x86_64\bin\VCRUNTIME140.dll
0x00007ffec4dd0000 - 0x00007ffec4f96000 	C:\WINDOWS\System32\USER32.dll
0x00007ffec35d0000 - 0x00007ffec35f7000 	C:\WINDOWS\System32\win32u.dll
0x00007ffea9510000 - 0x00007ffea97a3000 	C:\WINDOWS\WinSxS\amd64_microsoft.windows.common-controls_6595b64144ccf1df_6.0.26100.7824_none_3e0870b2e3345462\COMCTL32.dll
0x00007ffec4720000 - 0x00007ffec474b000 	C:\WINDOWS\System32\GDI32.dll
0x00007ffec5900000 - 0x00007ffec59a9000 	C:\WINDOWS\System32\msvcrt.dll
0x00007ffec43f0000 - 0x00007ffec451b000 	C:\WINDOWS\System32\gdi32full.dll
0x00007ffec3520000 - 0x00007ffec35c3000 	C:\WINDOWS\System32\msvcp_win.dll
0x00007ffec5520000 - 0x00007ffec5551000 	C:\WINDOWS\System32\IMM32.DLL
0x00007ffebaa00000 - 0x00007ffebaa0c000 	c:\Users\Angel\.antigravity\extensions\redhat.java-1.54.0-win32-x64\jre\21.0.10-win32-x86_64\bin\vcruntime140_1.dll
0x00007ffe5a520000 - 0x00007ffe5a5ad000 	c:\Users\Angel\.antigravity\extensions\redhat.java-1.54.0-win32-x64\jre\21.0.10-win32-x86_64\bin\msvcp140.dll
0x00007ffd4a250000 - 0x00007ffd4aff1000 	c:\Users\Angel\.antigravity\extensions\redhat.java-1.54.0-win32-x64\jre\21.0.10-win32-x86_64\bin\server\jvm.dll
0x00007ffec59c0000 - 0x00007ffec5a74000 	C:\WINDOWS\System32\ADVAPI32.dll
0x00007ffec5470000 - 0x00007ffec5516000 	C:\WINDOWS\System32\sechost.dll
0x00007ffec5b10000 - 0x00007ffec5c28000 	C:\WINDOWS\System32\RPCRT4.dll
0x00007ffec4750000 - 0x00007ffec47c4000 	C:\WINDOWS\System32\WS2_32.dll
0x00007ffec1e70000 - 0x00007ffec1ece000 	C:\WINDOWS\SYSTEM32\POWRPROF.dll
0x00007ffeb81a0000 - 0x00007ffeb81d5000 	C:\WINDOWS\SYSTEM32\WINMM.dll
0x00007ffeba1d0000 - 0x00007ffeba1db000 	C:\WINDOWS\SYSTEM32\VERSION.dll
0x00007ffec1e50000 - 0x00007ffec1e64000 	C:\WINDOWS\SYSTEM32\UMPDC.dll
0x00007ffec2120000 - 0x00007ffec213b000 	C:\WINDOWS\SYSTEM32\kernel.appcore.dll
0x00007ffeba3b0000 - 0x00007ffeba3ba000 	c:\Users\Angel\.antigravity\extensions\redhat.java-1.54.0-win32-x64\jre\21.0.10-win32-x86_64\bin\jimage.dll
0x00007ffec0fb0000 - 0x00007ffec11f2000 	C:\WINDOWS\SYSTEM32\DBGHELP.DLL
0x00007ffec6390000 - 0x00007ffec6716000 	C:\WINDOWS\System32\combase.dll
0x00007ffec6720000 - 0x00007ffec67f7000 	C:\WINDOWS\System32\OLEAUT32.dll
0x00007ffea3a10000 - 0x00007ffea3a4b000 	C:\WINDOWS\SYSTEM32\dbgcore.DLL
0x00007ffec4670000 - 0x00007ffec4715000 	C:\WINDOWS\System32\bcryptPrimitives.dll
0x00007ffe9aae0000 - 0x00007ffe9aaef000 	c:\Users\Angel\.antigravity\extensions\redhat.java-1.54.0-win32-x64\jre\21.0.10-win32-x86_64\bin\instrument.dll
0x00007ffe84a10000 - 0x00007ffe84a30000 	c:\Users\Angel\.antigravity\extensions\redhat.java-1.54.0-win32-x64\jre\21.0.10-win32-x86_64\bin\java.dll
0x00007ffec5c30000 - 0x00007ffec6382000 	C:\WINDOWS\System32\SHELL32.dll
0x00007ffec3260000 - 0x00007ffec33ca000 	C:\WINDOWS\System32\wintypes.dll
0x00007ffec3600000 - 0x00007ffec3e63000 	C:\WINDOWS\System32\windows.storage.dll
0x00007ffec4cd0000 - 0x00007ffec4dc6000 	C:\WINDOWS\System32\SHCORE.dll
0x00007ffec5560000 - 0x00007ffec55c7000 	C:\WINDOWS\System32\shlwapi.dll
0x00007ffec3180000 - 0x00007ffec31a9000 	C:\WINDOWS\SYSTEM32\profapi.dll
0x00007ffe80020000 - 0x00007ffe80038000 	c:\Users\Angel\.antigravity\extensions\redhat.java-1.54.0-win32-x64\jre\21.0.10-win32-x86_64\bin\zip.dll
0x00007ffe80010000 - 0x00007ffe80020000 	C:\Users\Angel\.antigravity\extensions\redhat.java-1.54.0-win32-x64\jre\21.0.10-win32-x86_64\bin\net.dll
0x00007ffebd270000 - 0x00007ffebd397000 	C:\WINDOWS\SYSTEM32\WINHTTP.dll
0x00007ffec2690000 - 0x00007ffec26fb000 	C:\WINDOWS\system32\mswsock.dll
0x00007ffe7fff0000 - 0x00007ffe80006000 	C:\Users\Angel\.antigravity\extensions\redhat.java-1.54.0-win32-x64\jre\21.0.10-win32-x86_64\bin\nio.dll
0x00007ffe7ffe0000 - 0x00007ffe7fff0000 	c:\Users\Angel\.antigravity\extensions\redhat.java-1.54.0-win32-x64\jre\21.0.10-win32-x86_64\bin\verify.dll
0x00007ffe76510000 - 0x00007ffe76555000 	C:\Users\Angel\AppData\Roaming\Antigravity\User\globalStorage\redhat.java\1.54.0\config_ss_win\org.eclipse.equinox.launcher\org.eclipse.equinox.launcher.win32.win32.x86_64_1.3.0.v20260203-2149\eclipse_11919.dll
0x00007ffec55e0000 - 0x00007ffec5777000 	C:\WINDOWS\System32\ole32.dll
0x00007ffe7ffd0000 - 0x00007ffe7ffda000 	C:\Users\Angel\.antigravity\extensions\redhat.java-1.54.0-win32-x64\jre\21.0.10-win32-x86_64\bin\management.dll
0x00007ffe7ffc0000 - 0x00007ffe7ffcc000 	C:\Users\Angel\.antigravity\extensions\redhat.java-1.54.0-win32-x64\jre\21.0.10-win32-x86_64\bin\management_ext.dll
0x00007ffec6930000 - 0x00007ffec6938000 	C:\WINDOWS\System32\PSAPI.DLL
0x00007ffec2960000 - 0x00007ffec297b000 	C:\WINDOWS\SYSTEM32\CRYPTSP.dll
0x00007ffec2080000 - 0x00007ffec20b9000 	C:\WINDOWS\system32\rsaenh.dll
0x00007ffec2740000 - 0x00007ffec276b000 	C:\WINDOWS\SYSTEM32\USERENV.dll
0x00007ffec3150000 - 0x00007ffec317a000 	C:\WINDOWS\SYSTEM32\bcrypt.dll
0x00007ffec2980000 - 0x00007ffec298c000 	C:\WINDOWS\SYSTEM32\CRYPTBASE.dll
0x00007ffec1ac0000 - 0x00007ffec1af4000 	C:\WINDOWS\SYSTEM32\IPHLPAPI.DLL
0x00007ffec47d0000 - 0x00007ffec47da000 	C:\WINDOWS\System32\NSI.dll

JVMTI agents:
c:\Users\Angel\.antigravity\extensions\redhat.java-1.54.0-win32-x64\lombok\lombok-1.18.39-4050.jar path:c:\Users\Angel\.antigravity\extensions\redhat.java-1.54.0-win32-x64\jre\21.0.10-win32-x86_64\bin\instrument.dll, loaded, initialized, instrumentlib options:none

dbghelp: loaded successfully - version: 4.0.5 - missing functions: none
symbol engine: initialized successfully - sym options: 0x614 - pdb path: .;c:\Users\Angel\.antigravity\extensions\redhat.java-1.54.0-win32-x64\jre\21.0.10-win32-x86_64\bin;C:\WINDOWS\SYSTEM32;C:\WINDOWS\WinSxS\amd64_microsoft.windows.common-controls_6595b64144ccf1df_6.0.26100.7824_none_3e0870b2e3345462;c:\Users\Angel\.antigravity\extensions\redhat.java-1.54.0-win32-x64\jre\21.0.10-win32-x86_64\bin\server;C:\Users\Angel\AppData\Roaming\Antigravity\User\globalStorage\redhat.java\1.54.0\config_ss_win\org.eclipse.equinox.launcher\org.eclipse.equinox.launcher.win32.win32.x86_64_1.3.0.v20260203-2149

VM Arguments:
jvm_args: --add-modules=ALL-SYSTEM --add-opens=java.base/java.util=ALL-UNNAMED --add-opens=java.base/java.lang=ALL-UNNAMED --add-opens=java.base/sun.nio.fs=ALL-UNNAMED -Declipse.application=org.eclipse.jdt.ls.core.id1 -Dosgi.bundles.defaultStartLevel=4 -Declipse.product=org.eclipse.jdt.ls.core.product -Djava.import.generatesMetadataFilesAtProjectRoot=false -DDetectVMInstallationsJob.disabled=true -Dfile.encoding=utf8 -XX:+UseParallelGC -XX:GCTimeRatio=4 -XX:AdaptiveSizePolicyWeight=90 -Dsun.zip.disableMemoryMapping=true -Xmx2G -Xms100m -Xlog:disable -javaagent:c:\Users\Angel\.antigravity\extensions\redhat.java-1.54.0-win32-x64\lombok\lombok-1.18.39-4050.jar 
java_command: c:\Users\Angel\.antigravity\extensions\redhat.java-1.54.0-win32-x64\server\plugins\org.eclipse.equinox.launcher_1.7.100.v20251111-0406.jar -configuration c:\Users\Angel\AppData\Roaming\Antigravity\User\globalStorage\redhat.java\1.54.0\config_ss_win -data c:\Users\Angel\AppData\Roaming\Antigravity\User\workspaceStorage\66d0824ef6e42d6572d9a6320cda1e6a\redhat.java\ss_ws --pipe=\\.\pipe\lsp-7419b1f57748b3653f1d89c78304edcd-sock
java_class_path (initial): c:\Users\Angel\.antigravity\extensions\redhat.java-1.54.0-win32-x64\server\plugins\org.eclipse.equinox.launcher_1.7.100.v20251111-0406.jar
Launcher Type: SUN_STANDARD

[Global flags]
    uintx AdaptiveSizePolicyWeight                 = 90                                        {product} {command line}
     intx CICompilerCount                          = 12                                        {product} {ergonomic}
    uintx GCTimeRatio                              = 4                                         {product} {command line}
   size_t InitialHeapSize                          = 104857600                                 {product} {command line}
   size_t MaxHeapSize                              = 2147483648                                {product} {command line}
   size_t MaxNewSize                               = 715653120                                 {product} {ergonomic}
   size_t MinHeapDeltaBytes                        = 524288                                    {product} {ergonomic}
   size_t MinHeapSize                              = 104857600                                 {product} {command line}
   size_t NewSize                                  = 34603008                                  {product} {ergonomic}
    uintx NonNMethodCodeHeapSize                   = 7602480                                {pd product} {ergonomic}
    uintx NonProfiledCodeHeapSize                  = 122027880                              {pd product} {ergonomic}
   size_t OldSize                                  = 70254592                                  {product} {ergonomic}
    uintx ProfiledCodeHeapSize                     = 122027880                              {pd product} {ergonomic}
    uintx ReservedCodeCacheSize                    = 251658240                              {pd product} {ergonomic}
     bool SegmentedCodeCache                       = true                                      {product} {ergonomic}
   size_t SoftMaxHeapSize                          = 2147483648                             {manageable} {ergonomic}
     bool UseCompressedOops                        = true                           {product lp64_product} {ergonomic}
     bool UseLargePagesIndividualAllocation        = false                                  {pd product} {ergonomic}
     bool UseParallelGC                            = true                                      {product} {command line}

Logging:
Log output configuration:
 #0: stdout all=off uptime,level,tags foldmultilines=false
 #1: stderr all=off uptime,level,tags foldmultilines=false

Release file:
JAVA_VERSION="21.0.10" 
MODULES="java.base java.compiler java.datatransfer java.xml java.prefs java.desktop java.instrument java.logging java.management java.security.sasl java.naming java.rmi java.management.rmi java.net.http java.scripting java.security.jgss java.transaction.xa java.sql java.sql.rowset java.xml.crypto java.se java.smartcardio jdk.accessibility jdk.internal.jvmstat jdk.attach jdk.charsets jdk.internal.opt jdk.zipfs jdk.compiler jdk.crypto.ec jdk.crypto.cryptoki jdk.crypto.mscapi jdk.dynalink jdk.internal.ed jdk.editpad jdk.hotspot.agent jdk.httpserver jdk.internal.le jdk.internal.vm.ci jdk.internal.vm.compiler jdk.internal.vm.compiler.management jdk.jartool jdk.javadoc jdk.jcmd jdk.management jdk.management.agent jdk.jconsole jdk.jdeps jdk.jdwp.agent jdk.jdi jdk.jfr jdk.jshell jdk.jsobject jdk.jstatd jdk.localedata jdk.management.jfr jdk.naming.dns jdk.naming.rmi jdk.net jdk.nio.mapmode jdk.random jdk.sctp jdk.security.auth jdk.security.jgss jdk.unsupported jdk.unsupported.desktop jdk.xml.dom" 

Environment Variables:
PATH=C:\Program Files\Microsoft\jdk-25.0.1.8-hotspot\bin;C:\Python313\Scripts\;C:\Python313\;C:\Windows\system32;C:\Windows;C:\Windows\System32\Wbem;C:\Windows\System32\WindowsPowerShell\v1.0\;C:\Windows\System32\OpenSSH\;C:\Program Files (x86)\NVIDIA Corporation\PhysX\Common;C:\WINDOWS\system32;C:\WINDOWS;C:\WINDOWS\System32\Wbem;C:\WINDOWS\System32\WindowsPowerShell\v1.0\;C:\WINDOWS\System32\OpenSSH\;C:\Program Files\Git\cmd;C:\Program Files\nodejs\;C:\ProgramData\chocolatey\bin;C:\Program Files\NVIDIA Corporation\NVIDIA App\NvDLISR;C:\Program Files (x86)\Microsoft SQL Server\160\DTS\Binn\;C:\Program Files\dotnet\;C:\Program Files\Microsoft SQL Server\160\Tools\Binn\;C:\Program Files\Microsoft SQL Server\150\Tools\Binn\;C:\Program Files\Microsoft SQL Server\Client SDK\ODBC\170\Tools\Binn\;C:\Program Files\Microsoft SQL Server\130\DTS\Binn\;C:\Program Files\Microsoft SQL Server\140\DTS\Binn\;C:\Program Files\Microsoft SQL Server\150\DTS\Binn\;C:\Program Files\Microsoft SQL Server\160\DTS\Binn\;C:\Program Files\Microsoft SQL Server\170\DTS\Binn\;C:\Program Files\PuTTY\;C:\Users\Angel\scoop\shims;C:\flutter\bin;C:\Users\Angel\AppData\Roaming\npm;C:\Users\Angel\.dotnet\tools;C:\Program Files\Android\Android Studio\jbr\bin;;C:\Users\Angel\AppData\Local\Microsoft\WindowsApps;C:\Users\Angel\AppData\Local\Programs\cursor\resources\app\bin;C:\Users\Angel\AppData\Local\Programs\Antigravity\bin
USERNAME=Angel
OS=Windows_NT
PROCESSOR_IDENTIFIER=Intel64 Family 6 Model 154 Stepping 3, GenuineIntel
TMP=C:\Users\Angel\AppData\Local\Temp
TEMP=C:\Users\Angel\AppData\Local\Temp




Periodic native trim disabled

---------------  S Y S T E M  ---------------

OS:
 Windows 11 , 64 bit Build 26100 (10.0.26100.7705)
OS uptime: 1 days 20:54 hours
Hyper-V role detected

CPU: total 16 (initial active 16) (8 cores per cpu, 2 threads per core) family 6 model 154 stepping 3 microcode 0x434, cx8, cmov, fxsr, ht, mmx, 3dnowpref, sse, sse2, sse3, ssse3, sse4.1, sse4.2, popcnt, lzcnt, tsc, tscinvbit, avx, avx2, aes, erms, clmul, bmi1, bmi2, adx, sha, fma, vzeroupper, clflush, clflushopt, clwb, hv, serialize, rdtscp, rdpid, fsrm, f16c, cet_ibt, cet_ss
Processor Information for the first 16 processors :
  Max Mhz: 2500, Current Mhz: 2500, Mhz Limit: 2500

Memory: 4k page, system-wide physical 7812M (564M free)
TotalPageFile size 31364M (AvailPageFile size 10M)
current process WorkingSet (physical memory assigned to process): 172M, peak: 177M
current process commit charge ("private bytes"): 320M, peak: 324M

vm_info: OpenJDK 64-Bit Server VM (21.0.10+7-LTS) for windows-amd64 JRE (21.0.10+7-LTS), built on 2026-01-20T00:00:00Z by "admin" with MS VC++ 17.12 (VS2022)

END.
